Temp/gradleOut/launcher/build/intermediates/manifest_merge_blame_file/release/manifest-merger-blame-release-report.txt
1<?xml version="1.0" encoding="utf-8"?>
2<!-- GENERATED BY UNITY. REMOVE THIS COMMENT TO PREVENT OVERWRITING WHEN EXPORTING AGAIN -->
3<manifest xmlns:android="http://schemas.android.com/apk/res/android"
4    package="com.DefaultCompany.AR_app"
5    android:installLocation="preferExternal"
6    android:versionCode="1"
7    android:versionName="9.0" >
8
9    <uses-sdk
10        android:minSdkVersion="23"
10-->src\main\AndroidManifest.xml
11        android:targetSdkVersion="29" />
11-->src\main\AndroidManifest.xml
12
13    <supports-screens
13-->src\main\AndroidManifest.xml:4:3-163
14        android:anyDensity="true"
14-->src\main\AndroidManifest.xml:4:135-160
15        android:largeScreens="true"
15-->src\main\AndroidManifest.xml:4:78-105
16        android:normalScreens="true"
16-->src\main\AndroidManifest.xml:4:49-77
17        android:smallScreens="true"
17-->src\main\AndroidManifest.xml:4:21-48
18        android:xlargeScreens="true" />
18-->src\main\AndroidManifest.xml:4:106-134
19
20    <uses-feature android:glEsVersion="0x00030000" />
20-->[:unityLibrary] AndroidManifest.xml:13:5-54
20-->[:unityLibrary] AndroidManifest.xml:13:19-51
21
22    <uses-permission android:name="android.permission.INTERNET" />
22-->[:unityLibrary] AndroidManifest.xml:15:5-67
22-->[:unityLibrary] AndroidManifest.xml:15:22-64
23    <uses-permission android:name="android.permission.CAMERA" />
23-->[:unityLibrary] AndroidManifest.xml:16:5-65
23-->[:unityLibrary] AndroidManifest.xml:16:22-62
24
25    <uses-feature
25-->[:unityLibrary] AndroidManifest.xml:18:5-20:36
26        android:name="android.hardware.camera"
26-->[:unityLibrary] AndroidManifest.xml:19:9-47
27        android:required="true" />
27-->[:unityLibrary] AndroidManifest.xml:20:9-33
28    <uses-feature
28-->[:unityLibrary] AndroidManifest.xml:21:5-23:36
29        android:name="android.hardware.camera.autofocus"
29-->[:unityLibrary] AndroidManifest.xml:22:9-57
30        android:required="false" />
30-->[:unityLibrary] AndroidManifest.xml:23:9-33
31    <uses-feature
31-->[:unityLibrary] AndroidManifest.xml:24:5-26:36
32        android:name="android.hardware.camera.front"
32-->[:unityLibrary] AndroidManifest.xml:25:9-53
33        android:required="false" />
33-->[:unityLibrary] AndroidManifest.xml:26:9-33
34    <uses-feature
34-->[:unityLibrary] AndroidManifest.xml:27:5-29:36
35        android:name="android.hardware.touchscreen"
35-->[:unityLibrary] AndroidManifest.xml:28:9-52
36        android:required="false" />
36-->[:unityLibrary] AndroidManifest.xml:29:9-33
37    <uses-feature
37-->[:unityLibrary] AndroidManifest.xml:30:5-32:36
38        android:name="android.hardware.touchscreen.multitouch"
38-->[:unityLibrary] AndroidManifest.xml:31:9-63
39        android:required="false" />
39-->[:unityLibrary] AndroidManifest.xml:32:9-33
40    <uses-feature
40-->[:unityLibrary] AndroidManifest.xml:33:5-35:36
41        android:name="android.hardware.touchscreen.multitouch.distinct"
41-->[:unityLibrary] AndroidManifest.xml:34:9-72
42        android:required="false" />
42-->[:unityLibrary] AndroidManifest.xml:35:9-33
43
44    <uses-permission android:name="android.permission.ACCESS_NETWORK_STATE" />
44-->[:UnityAds:] AndroidManifest.xml:11:5-79
44-->[:UnityAds:] AndroidManifest.xml:11:22-76
45
46    <application
46-->src\main\AndroidManifest.xml:5:3-154
47        android:banner="@drawable/app_banner"
47-->src\main\AndroidManifest.xml:5:114-151
48        android:extractNativeLibs="true"
48-->src\main\AndroidManifest.xml:5:16-48
49        android:icon="@mipmap/app_icon"
49-->src\main\AndroidManifest.xml:5:82-113
50        android:isGame="true"
50-->[:unityLibrary] AndroidManifest.xml:37:18-39
51        android:label="@string/app_name" >
51-->src\main\AndroidManifest.xml:5:49-81
52        <activity
52-->[:unityLibrary] AndroidManifest.xml:38:9-59:20
53            android:name="com.unity3d.player.UnityPlayerActivity"
53-->[:unityLibrary] AndroidManifest.xml:39:13-66
54            android:configChanges="mcc|mnc|locale|touchscreen|keyboard|keyboardHidden|navigation|orientation|screenLayout|uiMode|screenSize|smallestScreenSize|fontScale|layoutDirection|density"
54-->[:unityLibrary] AndroidManifest.xml:40:13-194
55            android:hardwareAccelerated="false"
55-->[:unityLibrary] AndroidManifest.xml:41:13-48
56            android:launchMode="singleTask"
56-->[:unityLibrary] AndroidManifest.xml:42:13-44
57            android:resizeableActivity="false"
57-->[:unityLibrary] AndroidManifest.xml:43:13-47
58            android:screenOrientation="fullSensor"
58-->[:unityLibrary] AndroidManifest.xml:44:13-51
59            android:theme="@style/UnityThemeSelector" >
59-->[:unityLibrary] AndroidManifest.xml:45:13-54
60            <intent-filter>
60-->[:unityLibrary] AndroidManifest.xml:46:13-51:29
61                <action android:name="android.intent.action.MAIN" />
61-->[:unityLibrary] AndroidManifest.xml:47:17-69
61-->[:unityLibrary] AndroidManifest.xml:47:25-66
62
63                <category android:name="android.intent.category.LAUNCHER" />
63-->[:unityLibrary] AndroidManifest.xml:49:17-77
63-->[:unityLibrary] AndroidManifest.xml:49:27-74
64                <category android:name="android.intent.category.LEANBACK_LAUNCHER" />
64-->[:unityLibrary] AndroidManifest.xml:50:17-86
64-->[:unityLibrary] AndroidManifest.xml:50:27-83
65            </intent-filter>
66
67            <meta-data
67-->[:unityLibrary] AndroidManifest.xml:53:13-55:40
68                android:name="unityplayer.UnityActivity"
68-->[:unityLibrary] AndroidManifest.xml:54:17-57
69                android:value="true" />
69-->[:unityLibrary] AndroidManifest.xml:55:17-37
70            <meta-data
70-->[:unityLibrary] AndroidManifest.xml:56:13-58:40
71                android:name="android.notch_support"
71-->[:unityLibrary] AndroidManifest.xml:57:17-53
72                android:value="true" />
72-->[:unityLibrary] AndroidManifest.xml:58:17-37
73        </activity>
74
75        <meta-data
75-->[:unityLibrary] AndroidManifest.xml:61:9-63:33
76            android:name="unity.splash-mode"
76-->[:unityLibrary] AndroidManifest.xml:62:13-45
77            android:value="0" />
77-->[:unityLibrary] AndroidManifest.xml:63:13-30
78        <meta-data
78-->[:unityLibrary] AndroidManifest.xml:64:9-66:36
79            android:name="unity.splash-enable"
79-->[:unityLibrary] AndroidManifest.xml:65:13-47
80            android:value="True" />
80-->[:unityLibrary] AndroidManifest.xml:66:13-33
81        <meta-data
81-->[:unityLibrary] AndroidManifest.xml:67:9-69:37
82            android:name="unity.allow-resizable-window"
82-->[:unityLibrary] AndroidManifest.xml:68:13-56
83            android:value="False" />
83-->[:unityLibrary] AndroidManifest.xml:69:13-34
84        <meta-data
84-->[:unityLibrary] AndroidManifest.xml:70:9-72:50
85            android:name="notch.config"
85-->[:unityLibrary] AndroidManifest.xml:71:13-40
86            android:value="portrait|landscape" />
86-->[:unityLibrary] AndroidManifest.xml:72:13-47
87        <meta-data
87-->[:unityLibrary] AndroidManifest.xml:73:9-75:68
88            android:name="unity.build-id"
88-->[:unityLibrary] AndroidManifest.xml:74:13-42
89            android:value="b28817cb-355c-47cb-a8b9-1e24a9df9775" />
89-->[:unityLibrary] AndroidManifest.xml:75:13-65
90        <meta-data
90-->[:unityLibrary] AndroidManifest.xml:76:9-78:40
91            android:name="com.google.ar.core"
91-->[:unityLibrary] AndroidManifest.xml:77:13-46
92            android:value="optional" />
92-->[:unityLibrary] AndroidManifest.xml:78:13-37
93
94        <activity
94-->[:UnityAds:] AndroidManifest.xml:15:9-19:74
95            android:name="com.unity3d.services.ads.adunit.AdUnitActivity"
95-->[:UnityAds:] AndroidManifest.xml:16:13-74
96            android:configChanges="fontScale|keyboard|keyboardHidden|locale|mnc|mcc|navigation|orientation|screenLayout|screenSize|smallestScreenSize|uiMode|touchscreen"
96-->[:UnityAds:] AndroidManifest.xml:17:13-170
97            android:hardwareAccelerated="true"
97-->[:UnityAds:] AndroidManifest.xml:18:13-47
98            android:theme="@android:style/Theme.NoTitleBar.Fullscreen" />
98-->[:UnityAds:] AndroidManifest.xml:19:13-71
99        <activity
99-->[:UnityAds:] AndroidManifest.xml:20:9-24:86
100            android:name="com.unity3d.services.ads.adunit.AdUnitTransparentActivity"
100-->[:UnityAds:] AndroidManifest.xml:21:13-85
101            android:configChanges="fontScale|keyboard|keyboardHidden|locale|mnc|mcc|navigation|orientation|screenLayout|screenSize|smallestScreenSize|uiMode|touchscreen"
101-->[:UnityAds:] AndroidManifest.xml:22:13-170
102            android:hardwareAccelerated="true"
102-->[:UnityAds:] AndroidManifest.xml:23:13-47
103            android:theme="@android:style/Theme.Translucent.NoTitleBar.Fullscreen" />
103-->[:UnityAds:] AndroidManifest.xml:24:13-83
104        <activity
104-->[:UnityAds:] AndroidManifest.xml:25:9-29:86
105            android:name="com.unity3d.services.ads.adunit.AdUnitTransparentSoftwareActivity"
105-->[:UnityAds:] AndroidManifest.xml:26:13-93
106            android:configChanges="fontScale|keyboard|keyboardHidden|locale|mnc|mcc|navigation|orientation|screenLayout|screenSize|smallestScreenSize|uiMode|touchscreen"
106-->[:UnityAds:] AndroidManifest.xml:27:13-170
107            android:hardwareAccelerated="false"
107-->[:UnityAds:] AndroidManifest.xml:28:13-48
108            android:theme="@android:style/Theme.Translucent.NoTitleBar.Fullscreen" />
108-->[:UnityAds:] AndroidManifest.xml:29:13-83
109        <activity
109-->[:UnityAds:] AndroidManifest.xml:30:9-34:74
110            android:name="com.unity3d.services.ads.adunit.AdUnitSoftwareActivity"
110-->[:UnityAds:] AndroidManifest.xml:31:13-82
111            android:configChanges="fontScale|keyboard|keyboardHidden|locale|mnc|mcc|navigation|orientation|screenLayout|screenSize|smallestScreenSize|uiMode|touchscreen"
111-->[:UnityAds:] AndroidManifest.xml:32:13-170
112            android:hardwareAccelerated="false"
112-->[:UnityAds:] AndroidManifest.xml:33:13-48
113            android:theme="@android:style/Theme.NoTitleBar.Fullscreen" />
113-->[:UnityAds:] AndroidManifest.xml:34:13-71
114    </application>
115
116</manifest>